  _08_Advance.c
D:\Visual Studio 2022 Files\HoonInPark_parkminjae\_002_HomeWork_Advance\_08_Advance.c(1,1): warning C4828: 파일에 0x1b 오프셋에서 시작하는 문자가 포함되어 있습니다. 이 문자는 현재 원본 문자 집합에서 잘못된 문자입니다(코드 페이지 65001).
D:\Visual Studio 2022 Files\HoonInPark_parkminjae\_002_HomeWork_Advance\_08_Advance.c(1,1): warning C4828: 파일에 0x1c 오프셋에서 시작하는 문자가 포함되어 있습니다. 이 문자는 현재 원본 문자 집합에서 잘못된 문자입니다(코드 페이지 65001).
D:\Visual Studio 2022 Files\HoonInPark_parkminjae\_002_HomeWork_Advance\_08_Advance.c(1,1): warning C4828: 파일에 0x20 오프셋에서 시작하는 문자가 포함되어 있습니다. 이 문자는 현재 원본 문자 집합에서 잘못된 문자입니다(코드 페이지 65001).
D:\Visual Studio 2022 Files\HoonInPark_parkminjae\_002_HomeWork_Advance\_08_Advance.c(1,1): warning C4828: 파일에 0x21 오프셋에서 시작하는 문자가 포함되어 있습니다. 이 문자는 현재 원본 문자 집합에서 잘못된 문자입니다(코드 페이지 65001).
D:\Visual Studio 2022 Files\HoonInPark_parkminjae\_002_HomeWork_Advance\_08_Advance.c(1,1): warning C4828: 파일에 0x22 오프셋에서 시작하는 문자가 포함되어 있습니다. 이 문자는 현재 원본 문자 집합에서 잘못된 문자입니다(코드 페이지 65001).
D:\Visual Studio 2022 Files\HoonInPark_parkminjae\_002_HomeWork_Advance\_08_Advance.c(1,1): warning C4828: 파일에 0x23 오프셋에서 시작하는 문자가 포함되어 있습니다. 이 문자는 현재 원본 문자 집합에서 잘못된 문자입니다(코드 페이지 65001).
D:\Visual Studio 2022 Files\HoonInPark_parkminjae\_002_HomeWork_Advance\_08_Advance.c(1,1): warning C4828: 파일에 0x27 오프셋에서 시작하는 문자가 포함되어 있습니다. 이 문자는 현재 원본 문자 집합에서 잘못된 문자입니다(코드 페이지 65001).
D:\Visual Studio 2022 Files\HoonInPark_parkminjae\_002_HomeWork_Advance\_08_Advance.c(1,1): warning C4828: 파일에 0x2e 오프셋에서 시작하는 문자가 포함되어 있습니다. 이 문자는 현재 원본 문자 집합에서 잘못된 문자입니다(코드 페이지 65001).
D:\Visual Studio 2022 Files\HoonInPark_parkminjae\_002_HomeWork_Advance\_08_Advance.c(1,1): warning C4828: 파일에 0x30 오프셋에서 시작하는 문자가 포함되어 있습니다. 이 문자는 현재 원본 문자 집합에서 잘못된 문자입니다(코드 페이지 65001).
D:\Visual Studio 2022 Files\HoonInPark_parkminjae\_002_HomeWork_Advance\_08_Advance.c(1,1): warning C4828: 파일에 0x31 오프셋에서 시작하는 문자가 포함되어 있습니다. 이 문자는 현재 원본 문자 집합에서 잘못된 문자입니다(코드 페이지 65001).
D:\Visual Studio 2022 Files\HoonInPark_parkminjae\_002_HomeWork_Advance\_08_Advance.c(1,1): warning C4828: 파일에 0x33 오프셋에서 시작하는 문자가 포함되어 있습니다. 이 문자는 현재 원본 문자 집합에서 잘못된 문자입니다(코드 페이지 65001).
D:\Visual Studio 2022 Files\HoonInPark_parkminjae\_002_HomeWork_Advance\_08_Advance.c(1,1): warning C4828: 파일에 0x34 오프셋에서 시작하는 문자가 포함되어 있습니다. 이 문자는 현재 원본 문자 집합에서 잘못된 문자입니다(코드 페이지 65001).
D:\Visual Studio 2022 Files\HoonInPark_parkminjae\_002_HomeWork_Advance\_08_Advance.c(1,1): warning C4828: 파일에 0x35 오프셋에서 시작하는 문자가 포함되어 있습니다. 이 문자는 현재 원본 문자 집합에서 잘못된 문자입니다(코드 페이지 65001).
D:\Visual Studio 2022 Files\HoonInPark_parkminjae\_002_HomeWork_Advance\_08_Advance.c(1,1): warning C4828: 파일에 0x36 오프셋에서 시작하는 문자가 포함되어 있습니다. 이 문자는 현재 원본 문자 집합에서 잘못된 문자입니다(코드 페이지 65001).
D:\Visual Studio 2022 Files\HoonInPark_parkminjae\_002_HomeWork_Advance\_08_Advance.c(1,1): warning C4828: 파일에 0x3a 오프셋에서 시작하는 문자가 포함되어 있습니다. 이 문자는 현재 원본 문자 집합에서 잘못된 문자입니다(코드 페이지 65001).
D:\Visual Studio 2022 Files\HoonInPark_parkminjae\_002_HomeWork_Advance\_08_Advance.c(1,1): warning C4828: 파일에 0x3e 오프셋에서 시작하는 문자가 포함되어 있습니다. 이 문자는 현재 원본 문자 집합에서 잘못된 문자입니다(코드 페이지 65001).
D:\Visual Studio 2022 Files\HoonInPark_parkminjae\_002_HomeWork_Advance\_08_Advance.c(1,1): warning C4828: 파일에 0x41 오프셋에서 시작하는 문자가 포함되어 있습니다. 이 문자는 현재 원본 문자 집합에서 잘못된 문자입니다(코드 페이지 65001).
D:\Visual Studio 2022 Files\HoonInPark_parkminjae\_002_HomeWork_Advance\_08_Advance.c(1,1): warning C4828: 파일에 0x45 오프셋에서 시작하는 문자가 포함되어 있습니다. 이 문자는 현재 원본 문자 집합에서 잘못된 문자입니다(코드 페이지 65001).
D:\Visual Studio 2022 Files\HoonInPark_parkminjae\_002_HomeWork_Advance\_08_Advance.c(1,1): warning C4828: 파일에 0x46 오프셋에서 시작하는 문자가 포함되어 있습니다. 이 문자는 현재 원본 문자 집합에서 잘못된 문자입니다(코드 페이지 65001).
D:\Visual Studio 2022 Files\HoonInPark_parkminjae\_002_HomeWork_Advance\_08_Advance.c(1,1): warning C4828: 파일에 0x47 오프셋에서 시작하는 문자가 포함되어 있습니다. 이 문자는 현재 원본 문자 집합에서 잘못된 문자입니다(코드 페이지 65001).
D:\Visual Studio 2022 Files\HoonInPark_parkminjae\_002_HomeWork_Advance\_08_Advance.c(1,1): warning C4828: 파일에 0x48 오프셋에서 시작하는 문자가 포함되어 있습니다. 이 문자는 현재 원본 문자 집합에서 잘못된 문자입니다(코드 페이지 65001).
D:\Visual Studio 2022 Files\HoonInPark_parkminjae\_002_HomeWork_Advance\_08_Advance.c(1,1): warning C4828: 파일에 0x4c 오프셋에서 시작하는 문자가 포함되어 있습니다. 이 문자는 현재 원본 문자 집합에서 잘못된 문자입니다(코드 페이지 65001).
D:\Visual Studio 2022 Files\HoonInPark_parkminjae\_002_HomeWork_Advance\_08_Advance.c(1,1): warning C4828: 파일에 0x4d 오프셋에서 시작하는 문자가 포함되어 있습니다. 이 문자는 현재 원본 문자 집합에서 잘못된 문자입니다(코드 페이지 65001).
D:\Visual Studio 2022 Files\HoonInPark_parkminjae\_002_HomeWork_Advance\_08_Advance.c(1,1): warning C4828: 파일에 0x4e 오프셋에서 시작하는 문자가 포함되어 있습니다. 이 문자는 현재 원본 문자 집합에서 잘못된 문자입니다(코드 페이지 65001).
D:\Visual Studio 2022 Files\HoonInPark_parkminjae\_002_HomeWork_Advance\_08_Advance.c(1,1): warning C4828: 파일에 0x50 오프셋에서 시작하는 문자가 포함되어 있습니다. 이 문자는 현재 원본 문자 집합에서 잘못된 문자입니다(코드 페이지 65001).
D:\Visual Studio 2022 Files\HoonInPark_parkminjae\_002_HomeWork_Advance\_08_Advance.c(1,1): warning C4828: 파일에 0x51 오프셋에서 시작하는 문자가 포함되어 있습니다. 이 문자는 현재 원본 문자 집합에서 잘못된 문자입니다(코드 페이지 65001).
D:\Visual Studio 2022 Files\HoonInPark_parkminjae\_002_HomeWork_Advance\_08_Advance.c(1,1): warning C4828: 파일에 0x53 오프셋에서 시작하는 문자가 포함되어 있습니다. 이 문자는 현재 원본 문자 집합에서 잘못된 문자입니다(코드 페이지 65001).
D:\Visual Studio 2022 Files\HoonInPark_parkminjae\_002_HomeWork_Advance\_08_Advance.c(1,1): warning C4828: 파일에 0x55 오프셋에서 시작하는 문자가 포함되어 있습니다. 이 문자는 현재 원본 문자 집합에서 잘못된 문자입니다(코드 페이지 65001).
D:\Visual Studio 2022 Files\HoonInPark_parkminjae\_002_HomeWork_Advance\_08_Advance.c(1,1): warning C4828: 파일에 0x5a 오프셋에서 시작하는 문자가 포함되어 있습니다. 이 문자는 현재 원본 문자 집합에서 잘못된 문자입니다(코드 페이지 65001).
D:\Visual Studio 2022 Files\HoonInPark_parkminjae\_002_HomeWork_Advance\_08_Advance.c(1,1): warning C4828: 파일에 0x5b 오프셋에서 시작하는 문자가 포함되어 있습니다. 이 문자는 현재 원본 문자 집합에서 잘못된 문자입니다(코드 페이지 65001).
D:\Visual Studio 2022 Files\HoonInPark_parkminjae\_002_HomeWork_Advance\_08_Advance.c(1,1): warning C4828: 파일에 0x5c 오프셋에서 시작하는 문자가 포함되어 있습니다. 이 문자는 현재 원본 문자 집합에서 잘못된 문자입니다(코드 페이지 65001).
D:\Visual Studio 2022 Files\HoonInPark_parkminjae\_002_HomeWork_Advance\_08_Advance.c(1,1): warning C4828: 파일에 0x64 오프셋에서 시작하는 문자가 포함되어 있습니다. 이 문자는 현재 원본 문자 집합에서 잘못된 문자입니다(코드 페이지 65001).
D:\Visual Studio 2022 Files\HoonInPark_parkminjae\_002_HomeWork_Advance\_08_Advance.c(1,1): warning C4828: 파일에 0x67 오프셋에서 시작하는 문자가 포함되어 있습니다. 이 문자는 현재 원본 문자 집합에서 잘못된 문자입니다(코드 페이지 65001).
D:\Visual Studio 2022 Files\HoonInPark_parkminjae\_002_HomeWork_Advance\_08_Advance.c(1,1): warning C4828: 파일에 0x68 오프셋에서 시작하는 문자가 포함되어 있습니다. 이 문자는 현재 원본 문자 집합에서 잘못된 문자입니다(코드 페이지 65001).
D:\Visual Studio 2022 Files\HoonInPark_parkminjae\_002_HomeWork_Advance\_08_Advance.c(1,1): warning C4828: 파일에 0x6a 오프셋에서 시작하는 문자가 포함되어 있습니다. 이 문자는 현재 원본 문자 집합에서 잘못된 문자입니다(코드 페이지 65001).
D:\Visual Studio 2022 Files\HoonInPark_parkminjae\_002_HomeWork_Advance\_08_Advance.c(1,1): warning C4828: 파일에 0x6b 오프셋에서 시작하는 문자가 포함되어 있습니다. 이 문자는 현재 원본 문자 집합에서 잘못된 문자입니다(코드 페이지 65001).
D:\Visual Studio 2022 Files\HoonInPark_parkminjae\_002_HomeWork_Advance\_08_Advance.c(1,1): warning C4828: 파일에 0x6c 오프셋에서 시작하는 문자가 포함되어 있습니다. 이 문자는 현재 원본 문자 집합에서 잘못된 문자입니다(코드 페이지 65001).
D:\Visual Studio 2022 Files\HoonInPark_parkminjae\_002_HomeWork_Advance\_08_Advance.c(1,1): warning C4828: 파일에 0x6d 오프셋에서 시작하는 문자가 포함되어 있습니다. 이 문자는 현재 원본 문자 집합에서 잘못된 문자입니다(코드 페이지 65001).
D:\Visual Studio 2022 Files\HoonInPark_parkminjae\_002_HomeWork_Advance\_08_Advance.c(1,1): warning C4828: 파일에 0x70 오프셋에서 시작하는 문자가 포함되어 있습니다. 이 문자는 현재 원본 문자 집합에서 잘못된 문자입니다(코드 페이지 65001).
D:\Visual Studio 2022 Files\HoonInPark_parkminjae\_002_HomeWork_Advance\_08_Advance.c(1,1): warning C4828: 파일에 0x73 오프셋에서 시작하는 문자가 포함되어 있습니다. 이 문자는 현재 원본 문자 집합에서 잘못된 문자입니다(코드 페이지 65001).
D:\Visual Studio 2022 Files\HoonInPark_parkminjae\_002_HomeWork_Advance\_08_Advance.c(1,1): warning C4828: 파일에 0x77 오프셋에서 시작하는 문자가 포함되어 있습니다. 이 문자는 현재 원본 문자 집합에서 잘못된 문자입니다(코드 페이지 65001).
D:\Visual Studio 2022 Files\HoonInPark_parkminjae\_002_HomeWork_Advance\_08_Advance.c(1,1): warning C4828: 파일에 0x78 오프셋에서 시작하는 문자가 포함되어 있습니다. 이 문자는 현재 원본 문자 집합에서 잘못된 문자입니다(코드 페이지 65001).
D:\Visual Studio 2022 Files\HoonInPark_parkminjae\_002_HomeWork_Advance\_08_Advance.c(1,1): warning C4828: 파일에 0x7b 오프셋에서 시작하는 문자가 포함되어 있습니다. 이 문자는 현재 원본 문자 집합에서 잘못된 문자입니다(코드 페이지 65001).
D:\Visual Studio 2022 Files\HoonInPark_parkminjae\_002_HomeWork_Advance\_08_Advance.c(1,1): warning C4828: 파일에 0x7c 오프셋에서 시작하는 문자가 포함되어 있습니다. 이 문자는 현재 원본 문자 집합에서 잘못된 문자입니다(코드 페이지 65001).
D:\Visual Studio 2022 Files\HoonInPark_parkminjae\_002_HomeWork_Advance\_08_Advance.c(1,1): warning C4828: 파일에 0x7f 오프셋에서 시작하는 문자가 포함되어 있습니다. 이 문자는 현재 원본 문자 집합에서 잘못된 문자입니다(코드 페이지 65001).
D:\Visual Studio 2022 Files\HoonInPark_parkminjae\_002_HomeWork_Advance\_08_Advance.c(1,1): warning C4828: 파일에 0x80 오프셋에서 시작하는 문자가 포함되어 있습니다. 이 문자는 현재 원본 문자 집합에서 잘못된 문자입니다(코드 페이지 65001).
D:\Visual Studio 2022 Files\HoonInPark_parkminjae\_002_HomeWork_Advance\_08_Advance.c(1,1): warning C4828: 파일에 0x82 오프셋에서 시작하는 문자가 포함되어 있습니다. 이 문자는 현재 원본 문자 집합에서 잘못된 문자입니다(코드 페이지 65001).
D:\Visual Studio 2022 Files\HoonInPark_parkminjae\_002_HomeWork_Advance\_08_Advance.c(1,1): warning C4828: 파일에 0x85 오프셋에서 시작하는 문자가 포함되어 있습니다. 이 문자는 현재 원본 문자 집합에서 잘못된 문자입니다(코드 페이지 65001).
D:\Visual Studio 2022 Files\HoonInPark_parkminjae\_002_HomeWork_Advance\_08_Advance.c(1,1): warning C4828: 파일에 0x8a 오프셋에서 시작하는 문자가 포함되어 있습니다. 이 문자는 현재 원본 문자 집합에서 잘못된 문자입니다(코드 페이지 65001).
D:\Visual Studio 2022 Files\HoonInPark_parkminjae\_002_HomeWork_Advance\_08_Advance.c(1,1): warning C4828: 파일에 0x8c 오프셋에서 시작하는 문자가 포함되어 있습니다. 이 문자는 현재 원본 문자 집합에서 잘못된 문자입니다(코드 페이지 65001).
D:\Visual Studio 2022 Files\HoonInPark_parkminjae\_002_HomeWork_Advance\_08_Advance.c(1,1): warning C4828: 파일에 0x8d 오프셋에서 시작하는 문자가 포함되어 있습니다. 이 문자는 현재 원본 문자 집합에서 잘못된 문자입니다(코드 페이지 65001).
D:\Visual Studio 2022 Files\HoonInPark_parkminjae\_002_HomeWork_Advance\_08_Advance.c(1,1): warning C4828: 파일에 0x8f 오프셋에서 시작하는 문자가 포함되어 있습니다. 이 문자는 현재 원본 문자 집합에서 잘못된 문자입니다(코드 페이지 65001).
D:\Visual Studio 2022 Files\HoonInPark_parkminjae\_002_HomeWork_Advance\_08_Advance.c(1,1): warning C4828: 파일에 0x91 오프셋에서 시작하는 문자가 포함되어 있습니다. 이 문자는 현재 원본 문자 집합에서 잘못된 문자입니다(코드 페이지 65001).
D:\Visual Studio 2022 Files\HoonInPark_parkminjae\_002_HomeWork_Advance\_08_Advance.c(1,1): warning C4828: 파일에 0x92 오프셋에서 시작하는 문자가 포함되어 있습니다. 이 문자는 현재 원본 문자 집합에서 잘못된 문자입니다(코드 페이지 65001).
D:\Visual Studio 2022 Files\HoonInPark_parkminjae\_002_HomeWork_Advance\_08_Advance.c(1,1): warning C4828: 파일에 0x96 오프셋에서 시작하는 문자가 포함되어 있습니다. 이 문자는 현재 원본 문자 집합에서 잘못된 문자입니다(코드 페이지 65001).
D:\Visual Studio 2022 Files\HoonInPark_parkminjae\_002_HomeWork_Advance\_08_Advance.c(1,1): warning C4828: 파일에 0x97 오프셋에서 시작하는 문자가 포함되어 있습니다. 이 문자는 현재 원본 문자 집합에서 잘못된 문자입니다(코드 페이지 65001).
D:\Visual Studio 2022 Files\HoonInPark_parkminjae\_002_HomeWork_Advance\_08_Advance.c(1,1): warning C4828: 파일에 0x9b 오프셋에서 시작하는 문자가 포함되어 있습니다. 이 문자는 현재 원본 문자 집합에서 잘못된 문자입니다(코드 페이지 65001).
D:\Visual Studio 2022 Files\HoonInPark_parkminjae\_002_HomeWork_Advance\_08_Advance.c(1,1): warning C4828: 파일에 0x9d 오프셋에서 시작하는 문자가 포함되어 있습니다. 이 문자는 현재 원본 문자 집합에서 잘못된 문자입니다(코드 페이지 65001).
D:\Visual Studio 2022 Files\HoonInPark_parkminjae\_002_HomeWork_Advance\_08_Advance.c(1,1): warning C4828: 파일에 0xa0 오프셋에서 시작하는 문자가 포함되어 있습니다. 이 문자는 현재 원본 문자 집합에서 잘못된 문자입니다(코드 페이지 65001).
D:\Visual Studio 2022 Files\HoonInPark_parkminjae\_002_HomeWork_Advance\_08_Advance.c(1,1): warning C4828: 파일에 0xa3 오프셋에서 시작하는 문자가 포함되어 있습니다. 이 문자는 현재 원본 문자 집합에서 잘못된 문자입니다(코드 페이지 65001).
D:\Visual Studio 2022 Files\HoonInPark_parkminjae\_002_HomeWork_Advance\_08_Advance.c(1,1): warning C4828: 파일에 0xa4 오프셋에서 시작하는 문자가 포함되어 있습니다. 이 문자는 현재 원본 문자 집합에서 잘못된 문자입니다(코드 페이지 65001).
D:\Visual Studio 2022 Files\HoonInPark_parkminjae\_002_HomeWork_Advance\_08_Advance.c(1,1): warning C4828: 파일에 0xa6 오프셋에서 시작하는 문자가 포함되어 있습니다. 이 문자는 현재 원본 문자 집합에서 잘못된 문자입니다(코드 페이지 65001).
D:\Visual Studio 2022 Files\HoonInPark_parkminjae\_002_HomeWork_Advance\_08_Advance.c(1,1): warning C4828: 파일에 0xa7 오프셋에서 시작하는 문자가 포함되어 있습니다. 이 문자는 현재 원본 문자 집합에서 잘못된 문자입니다(코드 페이지 65001).
D:\Visual Studio 2022 Files\HoonInPark_parkminjae\_002_HomeWork_Advance\_08_Advance.c(1,1): warning C4828: 파일에 0xa9 오프셋에서 시작하는 문자가 포함되어 있습니다. 이 문자는 현재 원본 문자 집합에서 잘못된 문자입니다(코드 페이지 65001).
D:\Visual Studio 2022 Files\HoonInPark_parkminjae\_002_HomeWork_Advance\_08_Advance.c(1,1): warning C4828: 파일에 0xaa 오프셋에서 시작하는 문자가 포함되어 있습니다. 이 문자는 현재 원본 문자 집합에서 잘못된 문자입니다(코드 페이지 65001).
D:\Visual Studio 2022 Files\HoonInPark_parkminjae\_002_HomeWork_Advance\_08_Advance.c(1,1): warning C4828: 파일에 0xab 오프셋에서 시작하는 문자가 포함되어 있습니다. 이 문자는 현재 원본 문자 집합에서 잘못된 문자입니다(코드 페이지 65001).
D:\Visual Studio 2022 Files\HoonInPark_parkminjae\_002_HomeWork_Advance\_08_Advance.c(1,1): warning C4828: 파일에 0xac 오프셋에서 시작하는 문자가 포함되어 있습니다. 이 문자는 현재 원본 문자 집합에서 잘못된 문자입니다(코드 페이지 65001).
D:\Visual Studio 2022 Files\HoonInPark_parkminjae\_002_HomeWork_Advance\_08_Advance.c(1,1): warning C4828: 파일에 0xae 오프셋에서 시작하는 문자가 포함되어 있습니다. 이 문자는 현재 원본 문자 집합에서 잘못된 문자입니다(코드 페이지 65001).
D:\Visual Studio 2022 Files\HoonInPark_parkminjae\_002_HomeWork_Advance\_08_Advance.c(1,1): warning C4828: 파일에 0xe0 오프셋에서 시작하는 문자가 포함되어 있습니다. 이 문자는 현재 원본 문자 집합에서 잘못된 문자입니다(코드 페이지 65001).
D:\Visual Studio 2022 Files\HoonInPark_parkminjae\_002_HomeWork_Advance\_08_Advance.c(1,1): warning C4828: 파일에 0xe1 오프셋에서 시작하는 문자가 포함되어 있습니다. 이 문자는 현재 원본 문자 집합에서 잘못된 문자입니다(코드 페이지 65001).
D:\Visual Studio 2022 Files\HoonInPark_parkminjae\_002_HomeWork_Advance\_08_Advance.c(1,1): warning C4828: 파일에 0xe5 오프셋에서 시작하는 문자가 포함되어 있습니다. 이 문자는 현재 원본 문자 집합에서 잘못된 문자입니다(코드 페이지 65001).
D:\Visual Studio 2022 Files\HoonInPark_parkminjae\_002_HomeWork_Advance\_08_Advance.c(1,1): warning C4828: 파일에 0xe6 오프셋에서 시작하는 문자가 포함되어 있습니다. 이 문자는 현재 원본 문자 집합에서 잘못된 문자입니다(코드 페이지 65001).
D:\Visual Studio 2022 Files\HoonInPark_parkminjae\_002_HomeWork_Advance\_08_Advance.c(1,1): warning C4828: 파일에 0xe7 오프셋에서 시작하는 문자가 포함되어 있습니다. 이 문자는 현재 원본 문자 집합에서 잘못된 문자입니다(코드 페이지 65001).
D:\Visual Studio 2022 Files\HoonInPark_parkminjae\_002_HomeWork_Advance\_08_Advance.c(1,1): warning C4828: 파일에 0xe8 오프셋에서 시작하는 문자가 포함되어 있습니다. 이 문자는 현재 원본 문자 집합에서 잘못된 문자입니다(코드 페이지 65001).
D:\Visual Studio 2022 Files\HoonInPark_parkminjae\_002_HomeWork_Advance\_08_Advance.c(1,1): warning C4828: 파일에 0xec 오프셋에서 시작하는 문자가 포함되어 있습니다. 이 문자는 현재 원본 문자 집합에서 잘못된 문자입니다(코드 페이지 65001).
D:\Visual Studio 2022 Files\HoonInPark_parkminjae\_002_HomeWork_Advance\_08_Advance.c(1,1): warning C4828: 파일에 0xef 오프셋에서 시작하는 문자가 포함되어 있습니다. 이 문자는 현재 원본 문자 집합에서 잘못된 문자입니다(코드 페이지 65001).
D:\Visual Studio 2022 Files\HoonInPark_parkminjae\_002_HomeWork_Advance\_08_Advance.c(1,1): warning C4828: 파일에 0xf3 오프셋에서 시작하는 문자가 포함되어 있습니다. 이 문자는 현재 원본 문자 집합에서 잘못된 문자입니다(코드 페이지 65001).
D:\Visual Studio 2022 Files\HoonInPark_parkminjae\_002_HomeWork_Advance\_08_Advance.c(1,1): warning C4828: 파일에 0xf4 오프셋에서 시작하는 문자가 포함되어 있습니다. 이 문자는 현재 원본 문자 집합에서 잘못된 문자입니다(코드 페이지 65001).
D:\Visual Studio 2022 Files\HoonInPark_parkminjae\_002_HomeWork_Advance\_08_Advance.c(1,1): warning C4828: 파일에 0xf5 오프셋에서 시작하는 문자가 포함되어 있습니다. 이 문자는 현재 원본 문자 집합에서 잘못된 문자입니다(코드 페이지 65001).
D:\Visual Studio 2022 Files\HoonInPark_parkminjae\_002_HomeWork_Advance\_08_Advance.c(1,1): warning C4828: 파일에 0x128 오프셋에서 시작하는 문자가 포함되어 있습니다. 이 문자는 현재 원본 문자 집합에서 잘못된 문자입니다(코드 페이지 65001).
D:\Visual Studio 2022 Files\HoonInPark_parkminjae\_002_HomeWork_Advance\_08_Advance.c(1,1): warning C4828: 파일에 0x12b 오프셋에서 시작하는 문자가 포함되어 있습니다. 이 문자는 현재 원본 문자 집합에서 잘못된 문자입니다(코드 페이지 65001).
D:\Visual Studio 2022 Files\HoonInPark_parkminjae\_002_HomeWork_Advance\_08_Advance.c(1,1): warning C4828: 파일에 0x12d 오프셋에서 시작하는 문자가 포함되어 있습니다. 이 문자는 현재 원본 문자 집합에서 잘못된 문자입니다(코드 페이지 65001).
D:\Visual Studio 2022 Files\HoonInPark_parkminjae\_002_HomeWork_Advance\_08_Advance.c(1,1): warning C4828: 파일에 0x12f 오프셋에서 시작하는 문자가 포함되어 있습니다. 이 문자는 현재 원본 문자 집합에서 잘못된 문자입니다(코드 페이지 65001).
D:\Visual Studio 2022 Files\HoonInPark_parkminjae\_002_HomeWork_Advance\_08_Advance.c(1,1): warning C4828: 파일에 0x130 오프셋에서 시작하는 문자가 포함되어 있습니다. 이 문자는 현재 원본 문자 집합에서 잘못된 문자입니다(코드 페이지 65001).
D:\Visual Studio 2022 Files\HoonInPark_parkminjae\_002_HomeWork_Advance\_08_Advance.c(1,1): warning C4828: 파일에 0x131 오프셋에서 시작하는 문자가 포함되어 있습니다. 이 문자는 현재 원본 문자 집합에서 잘못된 문자입니다(코드 페이지 65001).
D:\Visual Studio 2022 Files\HoonInPark_parkminjae\_002_HomeWork_Advance\_08_Advance.c(1,1): warning C4828: 파일에 0x134 오프셋에서 시작하는 문자가 포함되어 있습니다. 이 문자는 현재 원본 문자 집합에서 잘못된 문자입니다(코드 페이지 65001).
D:\Visual Studio 2022 Files\HoonInPark_parkminjae\_002_HomeWork_Advance\_08_Advance.c(1,1): warning C4828: 파일에 0x139 오프셋에서 시작하는 문자가 포함되어 있습니다. 이 문자는 현재 원본 문자 집합에서 잘못된 문자입니다(코드 페이지 65001).
D:\Visual Studio 2022 Files\HoonInPark_parkminjae\_002_HomeWork_Advance\_08_Advance.c(1,1): warning C4828: 파일에 0x13e 오프셋에서 시작하는 문자가 포함되어 있습니다. 이 문자는 현재 원본 문자 집합에서 잘못된 문자입니다(코드 페이지 65001).
  _002_HomeWork_Advance.vcxproj -> D:\Visual Studio 2022 Files\HoonInPark_parkminjae\x64\Debug\_002_HomeWork_Advance.exe
