  Basic_4.c
D:\lec_My\_01_CLanguage_Solution\_001_solution\_005_solution\Basic_4.c(32,8): warning C4013: 'time'이(가) 정의되지 않았습니다. extern은 int형을 반환하는 것으로 간주합니다.
D:\lec_My\_01_CLanguage_Solution\_001_solution\_005_solution\Basic_4.c(48,10): warning C4566: 유니버설 문자 이름 '\uFFFD'(으)로 표현되는 문자는 현재 코드 페이지(949)에서 표현할 수 없습니다.
D:\lec_My\_01_CLanguage_Solution\_001_solution\_005_solution\Basic_4.c(48,10): warning C4566: 유니버설 문자 이름 '\u07FA'(으)로 표현되는 문자는 현재 코드 페이지(949)에서 표현할 수 없습니다.
D:\lec_My\_01_CLanguage_Solution\_001_solution\_005_solution\Basic_4.c(48,10): warning C4566: 유니버설 문자 이름 '\u02B0'(으)로 표현되는 문자는 현재 코드 페이지(949)에서 표현할 수 없습니다.
D:\lec_My\_01_CLanguage_Solution\_001_solution\_005_solution\Basic_4.c(48,10): warning C4566: 유니버설 문자 이름 '\u06B8'(으)로 표현되는 문자는 현재 코드 페이지(949)에서 표현할 수 없습니다.
D:\lec_My\_01_CLanguage_Solution\_001_solution\_005_solution\Basic_4.c(48,10): warning C4566: 유니버설 문자 이름 '\u0537'(으)로 표현되는 문자는 현재 코드 페이지(949)에서 표현할 수 없습니다.
D:\lec_My\_01_CLanguage_Solution\_001_solution\_005_solution\Basic_4.c(48,10): warning C4566: 유니버설 문자 이름 '\u05BC'(으)로 표현되는 문자는 현재 코드 페이지(949)에서 표현할 수 없습니다.
D:\lec_My\_01_CLanguage_Solution\_001_solution\_005_solution\Basic_4.c(55,12): warning C4566: 유니버설 문자 이름 '\uFFFD'(으)로 표현되는 문자는 현재 코드 페이지(949)에서 표현할 수 없습니다.
D:\lec_My\_01_CLanguage_Solution\_001_solution\_005_solution\Basic_4.c(55,12): warning C4566: 유니버설 문자 이름 '\u067D'(으)로 표현되는 문자는 현재 코드 페이지(949)에서 표현할 수 없습니다.
D:\lec_My\_01_CLanguage_Solution\_001_solution\_005_solution\Basic_4.c(55,12): warning C4566: 유니버설 문자 이름 '\u07FA'(으)로 표현되는 문자는 현재 코드 페이지(949)에서 표현할 수 없습니다.
D:\lec_My\_01_CLanguage_Solution\_001_solution\_005_solution\Basic_4.c(55,12): warning C4566: 유니버설 문자 이름 '\u02B0'(으)로 표현되는 문자는 현재 코드 페이지(949)에서 표현할 수 없습니다.
D:\lec_My\_01_CLanguage_Solution\_001_solution\_005_solution\Basic_4.c(55,12): warning C4566: 유니버설 문자 이름 '\u06B8'(으)로 표현되는 문자는 현재 코드 페이지(949)에서 표현할 수 없습니다.
D:\lec_My\_01_CLanguage_Solution\_001_solution\_005_solution\Basic_4.c(55,12): warning C4566: 유니버설 문자 이름 '\u0537'(으)로 표현되는 문자는 현재 코드 페이지(949)에서 표현할 수 없습니다.
D:\lec_My\_01_CLanguage_Solution\_001_solution\_005_solution\Basic_4.c(55,12): warning C4566: 유니버설 문자 이름 '\u05BC'(으)로 표현되는 문자는 현재 코드 페이지(949)에서 표현할 수 없습니다.
D:\lec_My\_01_CLanguage_Solution\_001_solution\_005_solution\Basic_4.c(65,14): warning C4047: 'return': 'int'의 간접 참조 수준이 'int *'과(와) 다릅니다.
D:\lec_My\_01_CLanguage_Solution\_001_solution\_005_solution\Basic_4.c(111,9): warning C4566: 유니버설 문자 이름 '\uFFFD'(으)로 표현되는 문자는 현재 코드 페이지(949)에서 표현할 수 없습니다.
D:\lec_My\_01_CLanguage_Solution\_001_solution\_005_solution\Basic_4.c(111,9): warning C4566: 유니버설 문자 이름 '\u03F7'(으)로 표현되는 문자는 현재 코드 페이지(949)에서 표현할 수 없습니다.
D:\lec_My\_01_CLanguage_Solution\_001_solution\_005_solution\Basic_4.c(111,9): warning C4566: 유니버설 문자 이름 '\u0537'(으)로 표현되는 문자는 현재 코드 페이지(949)에서 표현할 수 없습니다.
D:\lec_My\_01_CLanguage_Solution\_001_solution\_005_solution\Basic_4.c(111,9): warning C4566: 유니버설 문자 이름 '\u03FC'(으)로 표현되는 문자는 현재 코드 페이지(949)에서 표현할 수 없습니다.
D:\lec_My\_01_CLanguage_Solution\_001_solution\_005_solution\Basic_4.c(116,3): warning C4013: '_getch'이(가) 정의되지 않았습니다. extern은 int형을 반환하는 것으로 간주합니다.
D:\lec_My\_01_CLanguage_Solution\_001_solution\_005_solution\Basic_4.c(123,11): warning C4566: 유니버설 문자 이름 '\uFFFD'(으)로 표현되는 문자는 현재 코드 페이지(949)에서 표현할 수 없습니다.
D:\lec_My\_01_CLanguage_Solution\_001_solution\_005_solution\Basic_4.c(123,11): warning C4566: 유니버설 문자 이름 '\u03F7'(으)로 표현되는 문자는 현재 코드 페이지(949)에서 표현할 수 없습니다.
D:\lec_My\_01_CLanguage_Solution\_001_solution\_005_solution\Basic_4.c(123,11): warning C4566: 유니버설 문자 이름 '\u0537'(으)로 표현되는 문자는 현재 코드 페이지(949)에서 표현할 수 없습니다.
D:\lec_My\_01_CLanguage_Solution\_001_solution\_005_solution\Basic_4.c(123,11): warning C4566: 유니버설 문자 이름 '\u03FC'(으)로 표현되는 문자는 현재 코드 페이지(949)에서 표현할 수 없습니다.
D:\lec_My\_01_CLanguage_Solution\_001_solution\_005_solution\Basic_4.c(136,9): warning C4566: 유니버설 문자 이름 '\uFFFD'(으)로 표현되는 문자는 현재 코드 페이지(949)에서 표현할 수 없습니다.
D:\lec_My\_01_CLanguage_Solution\_001_solution\_005_solution\Basic_4.c(136,9): warning C4566: 유니버설 문자 이름 '\u0223'(으)로 표현되는 문자는 현재 코드 페이지(949)에서 표현할 수 없습니다.
D:\lec_My\_01_CLanguage_Solution\_001_solution\_005_solution\Basic_4.c(136,9): warning C4566: 유니버설 문자 이름 '\u0537'(으)로 표현되는 문자는 현재 코드 페이지(949)에서 표현할 수 없습니다.
D:\lec_My\_01_CLanguage_Solution\_001_solution\_005_solution\Basic_4.c(136,9): warning C4566: 유니버설 문자 이름 '\u03FC'(으)로 표현되는 문자는 현재 코드 페이지(949)에서 표현할 수 없습니다.
D:\lec_My\_01_CLanguage_Solution\_001_solution\_005_solution\Basic_4.c(146,9): warning C4566: 유니버설 문자 이름 '\uFFFD'(으)로 표현되는 문자는 현재 코드 페이지(949)에서 표현할 수 없습니다.
D:\lec_My\_01_CLanguage_Solution\_001_solution\_005_solution\Basic_4.c(146,9): warning C4566: 유니버설 문자 이름 '\u05F8'(으)로 표현되는 문자는 현재 코드 페이지(949)에서 표현할 수 없습니다.
D:\lec_My\_01_CLanguage_Solution\_001_solution\_005_solution\Basic_4.c(147,9): warning C4566: 유니버설 문자 이름 '\uFFFD'(으)로 표현되는 문자는 현재 코드 페이지(949)에서 표현할 수 없습니다.
D:\lec_My\_01_CLanguage_Solution\_001_solution\_005_solution\Basic_4.c(148,9): warning C4566: 유니버설 문자 이름 '\uFFFD'(으)로 표현되는 문자는 현재 코드 페이지(949)에서 표현할 수 없습니다.
D:\lec_My\_01_CLanguage_Solution\_001_solution\_005_solution\Basic_4.c(148,9): warning C4566: 유니버설 문자 이름 '\u033E'(으)로 표현되는 문자는 현재 코드 페이지(949)에서 표현할 수 없습니다.
D:\lec_My\_01_CLanguage_Solution\_001_solution\_005_solution\Basic_4.c(148,9): warning C4566: 유니버설 문자 이름 '\u0537'(으)로 표현되는 문자는 현재 코드 페이지(949)에서 표현할 수 없습니다.
D:\lec_My\_01_CLanguage_Solution\_001_solution\_005_solution\Basic_4.c(149,9): warning C4566: 유니버설 문자 이름 '\uFFFD'(으)로 표현되는 문자는 현재 코드 페이지(949)에서 표현할 수 없습니다.
D:\lec_My\_01_CLanguage_Solution\_001_solution\_005_solution\Basic_4.c(150,9): warning C4566: 유니버설 문자 이름 '\uFFFD'(으)로 표현되는 문자는 현재 코드 페이지(949)에서 표현할 수 없습니다.
D:\lec_My\_01_CLanguage_Solution\_001_solution\_005_solution\Basic_4.c(166,11): warning C4566: 유니버설 문자 이름 '\uFFFD'(으)로 표현되는 문자는 현재 코드 페이지(949)에서 표현할 수 없습니다.
D:\lec_My\_01_CLanguage_Solution\_001_solution\_005_solution\Basic_4.c(166,11): warning C4566: 유니버설 문자 이름 '\u03F7'(으)로 표현되는 문자는 현재 코드 페이지(949)에서 표현할 수 없습니다.
D:\lec_My\_01_CLanguage_Solution\_001_solution\_005_solution\Basic_4.c(166,11): warning C4566: 유니버설 문자 이름 '\u0378'(으)로 표현되는 문자는 현재 코드 페이지(949)에서 표현할 수 없습니다.
D:\lec_My\_01_CLanguage_Solution\_001_solution\_005_solution\Basic_4.c(171,11): warning C4566: 유니버설 문자 이름 '\uFFFD'(으)로 표현되는 문자는 현재 코드 페이지(949)에서 표현할 수 없습니다.
D:\lec_My\_01_CLanguage_Solution\_001_solution\_005_solution\Basic_4.c(171,11): warning C4566: 유니버설 문자 이름 '\u033E'(으)로 표현되는 문자는 현재 코드 페이지(949)에서 표현할 수 없습니다.
D:\lec_My\_01_CLanguage_Solution\_001_solution\_005_solution\Basic_4.c(171,11): warning C4566: 유니버설 문자 이름 '\u0537'(으)로 표현되는 문자는 현재 코드 페이지(949)에서 표현할 수 없습니다.
D:\lec_My\_01_CLanguage_Solution\_001_solution\_005_solution\Basic_4.c(171,11): warning C4566: 유니버설 문자 이름 '\u03F7'(으)로 표현되는 문자는 현재 코드 페이지(949)에서 표현할 수 없습니다.
D:\lec_My\_01_CLanguage_Solution\_001_solution\_005_solution\Basic_4.c(171,11): warning C4566: 유니버설 문자 이름 '\u0378'(으)로 표현되는 문자는 현재 코드 페이지(949)에서 표현할 수 없습니다.
D:\lec_My\_01_CLanguage_Solution\_001_solution\_005_solution\Basic_4.c(177,11): warning C4566: 유니버설 문자 이름 '\uFFFD'(으)로 표현되는 문자는 현재 코드 페이지(949)에서 표현할 수 없습니다.
D:\lec_My\_01_CLanguage_Solution\_001_solution\_005_solution\Basic_4.c(177,11): warning C4566: 유니버설 문자 이름 '\u03F7'(으)로 표현되는 문자는 현재 코드 페이지(949)에서 표현할 수 없습니다.
D:\lec_My\_01_CLanguage_Solution\_001_solution\_005_solution\Basic_4.c(177,11): warning C4566: 유니버설 문자 이름 '\u0378'(으)로 표현되는 문자는 현재 코드 페이지(949)에서 표현할 수 없습니다.
D:\lec_My\_01_CLanguage_Solution\_001_solution\_005_solution\Basic_4.c(42): warning C4716: 'RandomNum': 값을 반환해야 합니다.
D:\lec_My\_01_CLanguage_Solution\_001_solution\_005_solution\Basic_4.c(131): warning C4715: 'RetryOrEnd': 모든 제어 경로에서 값을 반환하지는 않습니다.
  _005_solution.vcxproj -> D:\lec_My\_01_CLanguage_Solution\_001_solution\x64\Debug\_005_solution.exe
